This file contains any messages produced by compilers while
running configure, to aid debugging if configure makes a mistake.

It was created by the_silver_searcher configure 2.2.0, which was
generated by GNU Autoconf 2.69.  Invocation command line was

  $ ./configure 

## --------- ##
## Platform. ##
## --------- ##

hostname = ali-72349
uname -m = x86_64
uname -r = 18.6.0
uname -s = Darwin
uname -v = Darwin Kernel Version 18.6.0: Thu Apr 25 23:16:27 PDT 2019; root:xnu-4903.261.4~2/RELEASE_X86_64

/usr/bin/uname -p = i386
/bin/uname -X     = unknown

/bin/arch              = unknown
/usr/bin/arch -k       = unknown
/usr/convex/getsysinfo = unknown
/usr/bin/hostinfo      = Mach kernel version:
	 Darwin Kernel Version 18.6.0: Thu Apr 25 23:16:27 PDT 2019; root:xnu-4903.261.4~2/RELEASE_X86_64
Kernel configured for up to 12 processors.
6 processors are physically available.
12 processors are logically available.
Processor type: x86_64h (Intel x86-64h Haswell)
Processors active: 0 1 2 3 4 5 6 7 8 9 10 11
Primary memory available: 16.00 gigabytes
Default processor set: 563 tasks, 2376 threads, 12 processors
Load average: 1.55, Mach factor: 10.44
/bin/machine           = unknown
/usr/bin/oslevel       = unknown
/bin/universe          = unknown

PATH: /Users/faywong/.cargo/bin
PATH: /Users/faywong/.nix-profile/bin
PATH: /usr/local/opt/curl/bin
PATH: /Users/faywong/repo/depot_tools
PATH: /usr/local/opt/ruby/bin
PATH: /Users/faywong/.nix-profile/bin
PATH: /usr/local/opt/curl/bin
PATH: /Users/faywong/repo/depot_tools
PATH: /usr/local/opt/ruby/bin
PATH: /usr/local/bin
PATH: /usr/bin
PATH: /bin
PATH: /usr/sbin
PATH: /sbin
PATH: /usr/local/sbin
PATH: /Users/faywong/Library/Android/sdk/ndk-bundle
PATH: /Users/faywong/Library/Android/sdk/platform-tools
PATH: /Users/faywong/tools/android-ndk-r10e/toolchains/arm-linux-androideabi-4.9/prebuilt/darwin-x86_64/bin
PATH: /Users/faywong/tools/android-ndk-r10e/toolchains/aarch64-linux-android-4.9/prebuilt/darwin-x86_64/bin
PATH: /Users/faywong/tools/gradle-4.4/bin
PATH: /Users/faywong/tools/jadx-0.8.0/bin
PATH: /Users/faywong/tools/dex-tools-2.1-SNAPSHOT
PATH: /Users/faywong/tools/flutter/bin
PATH: /Users/faywong/Library/Android/sdk/platform-tools
PATH: /Users/faywong/Library/Android/sdk/ndk-bundle-r19c
PATH: /Library/Java/JavaVirtualMachines/jdk-12.0.2.jdk/Contents/Home/bin
PATH: /Users/faywong/Library/Android/sdk/ndk-bundle
PATH: /Users/faywong/Library/Android/sdk/platform-tools
PATH: /Users/faywong/tools/android-ndk-r10e/toolchains/arm-linux-androideabi-4.9/prebuilt/darwin-x86_64/bin
PATH: /Users/faywong/tools/android-ndk-r10e/toolchains/aarch64-linux-android-4.9/prebuilt/darwin-x86_64/bin
PATH: /Users/faywong/tools/gradle-4.4/bin
PATH: /Users/faywong/tools/jadx-0.8.0/bin
PATH: /Users/faywong/tools/dex-tools-2.1-SNAPSHOT
PATH: /Users/faywong/tools/flutter/bin
PATH: /Users/faywong/Library/Android/sdk/platform-tools
PATH: /Users/faywong/Library/Android/sdk/ndk-bundle-r19c
PATH: /Library/Java/JavaVirtualMachines/jdk-12.0.2.jdk/Contents/Home/bin
PATH: /Users/faywong/.cargo/bin


## ----------- ##
## Core tests. ##
## ----------- ##

configure:2352: checking for a BSD-compatible install
configure:2420: result: /usr/bin/install -c
configure:2431: checking whether build environment is sane
configure:2486: result: yes
configure:2637: checking for a thread-safe mkdir -p
configure:2676: result: ./install-sh -c -d
configure:2683: checking for gawk
configure:2713: result: no
configure:2683: checking for mawk
configure:2713: result: no
configure:2683: checking for nawk
configure:2713: result: no
configure:2683: checking for awk
configure:2699: found /usr/bin/awk
configure:2710: result: awk
configure:2721: checking whether make sets $(MAKE)
configure:2743: result: yes
configure:2772: checking whether make supports nested variables
configure:2789: result: yes
configure:2955: checking for gcc
configure:2971: found /usr/bin/gcc
configure:2982: result: gcc
configure:3211: checking for C compiler version
configure:3220: gcc --version >&5
Apple LLVM version 10.0.1 (clang-1001.0.46.4)
Target: x86_64-apple-darwin18.6.0
Thread model: posix
InstalledDir: /Applications/Xcode.app/Contents/Developer/Toolchains/XcodeDefault.xctoolchain/usr/bin
Configured with: --prefix=/Applications/Xcode.app/Contents/Developer/usr --with-gxx-include-dir=/Applications/Xcode.app/Contents/Developer/Platforms/MacOSX.platform/Developer/SDKs/MacOSX10.14.sdk/usr/include/c++/4.2.1
configure:3231: $? = 0
configure:3220: gcc -v >&5
Configured with: --prefix=/Applications/Xcode.app/Contents/Developer/usr --with-gxx-include-dir=/Applications/Xcode.app/Contents/Developer/Platforms/MacOSX.platform/Developer/SDKs/MacOSX10.14.sdk/usr/include/c++/4.2.1
Apple LLVM version 10.0.1 (clang-1001.0.46.4)
Target: x86_64-apple-darwin18.6.0
Thread model: posix
InstalledDir: /Applications/Xcode.app/Contents/Developer/Toolchains/XcodeDefault.xctoolchain/usr/bin
configure:3231: $? = 0
configure:3220: gcc -V >&5
clang: error: unsupported option '-V -Wno-atomic-implicit-seq-cst'
clang: error: no input files
configure:3231: $? = 1
configure:3220: gcc -qversion >&5
clang: error: unknown argument '-qversion', did you mean '--version'?
clang: error: no input files
configure:3231: $? = 1
configure:3251: checking whether the C compiler works
configure:3273: gcc    conftest.c  >&5
configure:3277: $? = 0
configure:3325: result: yes
configure:3328: checking for C compiler default output file name
configure:3330: result: a.out
configure:3336: checking for suffix of executables
configure:3343: gcc -o conftest    conftest.c  >&5
configure:3347: $? = 0
configure:3369: result: 
configure:3391: checking whether we are cross compiling
configure:3399: gcc -o conftest    conftest.c  >&5
configure:3403: $? = 0
configure:3410: ./conftest
configure:3414: $? = 0
configure:3429: result: no
configure:3434: checking for suffix of object files
configure:3456: gcc -c   conftest.c >&5
configure:3460: $? = 0
configure:3481: result: o
configure:3485: checking whether we are using the GNU C compiler
configure:3504: gcc -c   conftest.c >&5
configure:3504: $? = 0
configure:3513: result: yes
configure:3522: checking whether gcc accepts -g
configure:3542: gcc -c -g  conftest.c >&5
configure:3542: $? = 0
configure:3583: result: yes
configure:3600: checking for gcc option to accept ISO C89
configure:3663: gcc  -c -g -O2  conftest.c >&5
configure:3663: $? = 0
configure:3676: result: none needed
configure:3701: checking whether gcc understands -c and -o together
configure:3723: gcc -c conftest.c -o conftest2.o
configure:3726: $? = 0
configure:3723: gcc -c conftest.c -o conftest2.o
configure:3726: $? = 0
configure:3738: result: yes
configure:3766: checking for style of include used by make
configure:3794: result: GNU
configure:3820: checking dependency style of gcc
configure:3931: result: gcc3
configure:3948: checking for grep that handles long lines and -e
configure:4006: result: /usr/bin/grep
configure:4023: checking whether make supports nested variables
configure:4040: result: yes
configure:4106: checking for pkg-config
configure:4124: found /usr/local/bin/pkg-config
configure:4136: result: /usr/local/bin/pkg-config
configure:4161: checking pkg-config is at least version 0.9.0
configure:4164: result: yes
configure:4174: checking for PCRE
configure:4181: $PKG_CONFIG --exists --print-errors "libpcre"
configure:4184: $? = 0
configure:4198: $PKG_CONFIG --exists --print-errors "libpcre"
configure:4201: $? = 0
configure:4259: result: yes
configure:4374: checking build system type
configure:4388: result: x86_64-apple-darwin18.6.0
configure:4408: checking host system type
configure:4421: result: x86_64-apple-darwin18.6.0
configure:4447: checking how to run the C preprocessor
configure:4478: gcc -E  conftest.c
configure:4478: $? = 0
configure:4492: gcc -E  conftest.c
conftest.c:9:10: fatal error: 'ac_nonexistent.h' file not found
#include <ac_nonexistent.h>
         ^~~~~~~~~~~~~~~~~~
1 error generated.
configure:4492: $? = 1
configure: failed program was:
| /* confdefs.h */
| #define PACKAGE_NAME "the_silver_searcher"
| #define PACKAGE_TARNAME "the_silver_searcher"
| #define PACKAGE_VERSION "2.2.0"
| #define PACKAGE_STRING "the_silver_searcher 2.2.0"
| #define PACKAGE_BUGREPORT "https://github.com/ggreer/the_silver_searcher/issues"
| #define PACKAGE_URL "https://github.com/ggreer/the_silver_searcher"
| /* end confdefs.h.  */
| #include <ac_nonexistent.h>
configure:4517: result: gcc -E
configure:4537: gcc -E  conftest.c
configure:4537: $? = 0
configure:4551: gcc -E  conftest.c
conftest.c:9:10: fatal error: 'ac_nonexistent.h' file not found
#include <ac_nonexistent.h>
         ^~~~~~~~~~~~~~~~~~
1 error generated.
configure:4551: $? = 1
configure: failed program was:
| /* confdefs.h */
| #define PACKAGE_NAME "the_silver_searcher"
| #define PACKAGE_TARNAME "the_silver_searcher"
| #define PACKAGE_VERSION "2.2.0"
| #define PACKAGE_STRING "the_silver_searcher 2.2.0"
| #define PACKAGE_BUGREPORT "https://github.com/ggreer/the_silver_searcher/issues"
| #define PACKAGE_URL "https://github.com/ggreer/the_silver_searcher"
| /* end confdefs.h.  */
| #include <ac_nonexistent.h>
configure:4580: checking for egrep
configure:4642: result: /usr/bin/grep -E
configure:4647: checking for ANSI C header files
configure:4667: gcc -c -g -O2  conftest.c >&5
configure:4667: $? = 0
configure:4740: gcc -o conftest -g -O2   conftest.c  >&5
configure:4740: $? = 0
configure:4740: ./conftest
configure:4740: $? = 0
configure:4751: result: yes
configure:4764: checking for sys/types.h
configure:4764: gcc -c -g -O2  conftest.c >&5
configure:4764: $? = 0
configure:4764: result: yes
configure:4764: checking for sys/stat.h
configure:4764: gcc -c -g -O2  conftest.c >&5
configure:4764: $? = 0
configure:4764: result: yes
configure:4764: checking for stdlib.h
configure:4764: gcc -c -g -O2  conftest.c >&5
configure:4764: $? = 0
configure:4764: result: yes
configure:4764: checking for string.h
configure:4764: gcc -c -g -O2  conftest.c >&5
configure:4764: $? = 0
configure:4764: result: yes
configure:4764: checking for memory.h
configure:4764: gcc -c -g -O2  conftest.c >&5
configure:4764: $? = 0
configure:4764: result: yes
configure:4764: checking for strings.h
configure:4764: gcc -c -g -O2  conftest.c >&5
configure:4764: $? = 0
configure:4764: result: yes
configure:4764: checking for inttypes.h
configure:4764: gcc -c -g -O2  conftest.c >&5
configure:4764: $? = 0
configure:4764: result: yes
configure:4764: checking for stdint.h
configure:4764: gcc -c -g -O2  conftest.c >&5
configure:4764: $? = 0
configure:4764: result: yes
configure:4764: checking for unistd.h
configure:4764: gcc -c -g -O2  conftest.c >&5
configure:4764: $? = 0
configure:4764: result: yes
configure:4888: checking if compiler needs -Werror to reject unknown flags
configure:4904: gcc -c -g -O2 -Werror -Wunknown-warning-option -Wsizeof-array-argument  conftest.c >&5
configure:4904: $? = 0
configure:4905: result: yes
configure:4925: checking whether pthreads work with -pthread
configure:5013: gcc -o conftest -g -O2 -pthread -Werror   conftest.c   >&5
configure:5013: $? = 0
configure:5022: result: yes
configure:5041: checking for joinable pthread attribute
configure:5056: gcc -o conftest -g -O2 -pthread   conftest.c   >&5
configure:5056: $? = 0
configure:5062: result: PTHREAD_CREATE_JOINABLE
configure:5072: checking if more special flags are required for pthreads
configure:5087: result: -D_THREAD_SAFE
configure:5093: checking for PTHREAD_PRIO_INHERIT
configure:5110: gcc -o conftest -g -O2 -pthread   conftest.c   >&5
configure:5110: $? = 0
configure:5119: result: yes
configure:5205: checking pthread.h usability
configure:5205: gcc -c -g -O2  conftest.c >&5
configure:5205: $? = 0
configure:5205: result: yes
configure:5205: checking pthread.h presence
configure:5205: gcc -E  conftest.c
configure:5205: $? = 0
configure:5205: result: yes
configure:5205: checking for pthread.h
configure:5205: result: yes
configure:5296: checking zlib.h usability
configure:5296: gcc -c -g -O2 -D_THREAD_SAFE -pthread -I/usr/local/Cellar/pcre/8.43/include -Wall -Wextra -Wformat=2 -Wno-format-nonliteral -Wshadow -Wpointer-arith -Wcast-qual -Wmissing-prototypes -Wno-missing-braces -std=gnu89 -D_GNU_SOURCE  conftest.c >&5
configure:5296: $? = 0
configure:5296: result: yes
configure:5296: checking zlib.h presence
configure:5296: gcc -E  conftest.c
configure:5296: $? = 0
configure:5296: result: yes
configure:5296: checking for zlib.h
configure:5296: result: yes
configure:5306: checking for library containing inflate
configure:5337: gcc -o conftest -g -O2 -D_THREAD_SAFE -pthread -I/usr/local/Cellar/pcre/8.43/include -Wall -Wextra -Wformat=2 -Wno-format-nonliteral -Wshadow -Wpointer-arith -Wcast-qual -Wmissing-prototypes -Wno-missing-braces -std=gnu89 -D_GNU_SOURCE   conftest.c   >&5
Undefined symbols for architecture x86_64:
  "_inflate", referenced from:
      _main in conftest-238ff6.o
ld: symbol(s) not found for architecture x86_64
clang: error: linker command failed with exit code 1 (use -v to see invocation)
configure:5337: $? = 1
configure: failed program was:
| /* confdefs.h */
| #define PACKAGE_NAME "the_silver_searcher"
| #define PACKAGE_TARNAME "the_silver_searcher"
| #define PACKAGE_VERSION "2.2.0"
| #define PACKAGE_STRING "the_silver_searcher 2.2.0"
| #define PACKAGE_BUGREPORT "https://github.com/ggreer/the_silver_searcher/issues"
| #define PACKAGE_URL "https://github.com/ggreer/the_silver_searcher"
| #define STDC_HEADERS 1
| #define HAVE_SYS_TYPES_H 1
| #define HAVE_SYS_STAT_H 1
| #define HAVE_STDLIB_H 1
| #define HAVE_STRING_H 1
| #define HAVE_MEMORY_H 1
| #define HAVE_STRINGS_H 1
| #define HAVE_INTTYPES_H 1
| #define HAVE_STDINT_H 1
| #define HAVE_UNISTD_H 1
| #define HAVE_PTHREAD_PRIO_INHERIT 1
| #define HAVE_PTHREAD_H 1
| #define HAVE_ZLIB_H 1
| /* end confdefs.h.  */
| 
| /* Override any GCC internal prototype to avoid an error.
|    Use char because int might match the return type of a GCC
|    builtin and then its argument prototype would still apply.  */
| #ifdef __cplusplus
| extern "C"
| #endif
| char inflate ();
| int
| main ()
| {
| return inflate ();
|   ;
|   return 0;
| }
configure:5337: gcc -o conftest -g -O2 -D_THREAD_SAFE -pthread -I/usr/local/Cellar/pcre/8.43/include -Wall -Wextra -Wformat=2 -Wno-format-nonliteral -Wshadow -Wpointer-arith -Wcast-qual -Wmissing-prototypes -Wno-missing-braces -std=gnu89 -D_GNU_SOURCE   conftest.c -lzlib,    >&5
ld: library not found for -lzlib,
clang: error: linker command failed with exit code 1 (use -v to see invocation)
configure:5337: $? = 1
configure: failed program was:
| /* confdefs.h */
| #define PACKAGE_NAME "the_silver_searcher"
| #define PACKAGE_TARNAME "the_silver_searcher"
| #define PACKAGE_VERSION "2.2.0"
| #define PACKAGE_STRING "the_silver_searcher 2.2.0"
| #define PACKAGE_BUGREPORT "https://github.com/ggreer/the_silver_searcher/issues"
| #define PACKAGE_URL "https://github.com/ggreer/the_silver_searcher"
| #define STDC_HEADERS 1
| #define HAVE_SYS_TYPES_H 1
| #define HAVE_SYS_STAT_H 1
| #define HAVE_STDLIB_H 1
| #define HAVE_STRING_H 1
| #define HAVE_MEMORY_H 1
| #define HAVE_STRINGS_H 1
| #define HAVE_INTTYPES_H 1
| #define HAVE_STDINT_H 1
| #define HAVE_UNISTD_H 1
| #define HAVE_PTHREAD_PRIO_INHERIT 1
| #define HAVE_PTHREAD_H 1
| #define HAVE_ZLIB_H 1
| /* end confdefs.h.  */
| 
| /* Override any GCC internal prototype to avoid an error.
|    Use char because int might match the return type of a GCC
|    builtin and then its argument prototype would still apply.  */
| #ifdef __cplusplus
| extern "C"
| #endif
| char inflate ();
| int
| main ()
| {
| return inflate ();
|   ;
|   return 0;
| }
configure:5337: gcc -o conftest -g -O2 -D_THREAD_SAFE -pthread -I/usr/local/Cellar/pcre/8.43/include -Wall -Wextra -Wformat=2 -Wno-format-nonliteral -Wshadow -Wpointer-arith -Wcast-qual -Wmissing-prototypes -Wno-missing-braces -std=gnu89 -D_GNU_SOURCE   conftest.c -lz    >&5
configure:5337: $? = 0
configure:5354: result: -lz
configure:5375: checking lzma.h usability
configure:5375: gcc -c -g -O2 -D_THREAD_SAFE -pthread -I/usr/local/Cellar/pcre/8.43/include -Wall -Wextra -Wformat=2 -Wno-format-nonliteral -Wshadow -Wpointer-arith -Wcast-qual -Wmissing-prototypes -Wno-missing-braces -std=gnu89 -D_GNU_SOURCE  conftest.c >&5
configure:5375: $? = 0
configure:5375: result: yes
configure:5375: checking lzma.h presence
configure:5375: gcc -E  conftest.c
configure:5375: $? = 0
configure:5375: result: yes
configure:5375: checking for lzma.h
configure:5375: result: yes
configure:5387: checking for LZMA
configure:5394: $PKG_CONFIG --exists --print-errors "liblzma"
configure:5397: $? = 0
configure:5411: $PKG_CONFIG --exists --print-errors "liblzma"
configure:5414: $? = 0
configure:5472: result: yes
configure:5479: checking whether PCRE_CONFIG_JIT is declared
configure:5479: gcc -c -g -O2 -D_THREAD_SAFE -pthread -I/usr/local/Cellar/pcre/8.43/include -Wall -Wextra -Wformat=2 -Wno-format-nonliteral -Wshadow -Wpointer-arith -Wcast-qual -Wmissing-prototypes -Wno-missing-braces -std=gnu89 -D_GNU_SOURCE  conftest.c >&5
configure:5479: $? = 0
configure:5479: result: yes
configure:5488: checking whether CPU_ZERO, CPU_SET is declared
configure:5488: gcc -c -g -O2 -D_THREAD_SAFE -pthread -I/usr/local/Cellar/pcre/8.43/include -Wall -Wextra -Wformat=2 -Wno-format-nonliteral -Wshadow -Wpointer-arith -Wcast-qual -Wmissing-prototypes -Wno-missing-braces -std=gnu89 -D_GNU_SOURCE  conftest.c >&5
conftest.c:29:17: warning: extra tokens at end of #ifndef directive [-Wextra-tokens]
#ifndef CPU_ZERO, CPU_SET
                ^
                //
conftest.c:33:10: error: use of undeclared identifier 'CPU_ZERO'
  (void) CPU_ZERO, CPU_SET;
         ^
conftest.c:33:20: error: use of undeclared identifier 'CPU_SET'
  (void) CPU_ZERO, CPU_SET;
                   ^
1 warning and 2 errors generated.
configure:5488: $? = 1
configure: failed program was:
| /* confdefs.h */
| #define PACKAGE_NAME "the_silver_searcher"
| #define PACKAGE_TARNAME "the_silver_searcher"
| #define PACKAGE_VERSION "2.2.0"
| #define PACKAGE_STRING "the_silver_searcher 2.2.0"
| #define PACKAGE_BUGREPORT "https://github.com/ggreer/the_silver_searcher/issues"
| #define PACKAGE_URL "https://github.com/ggreer/the_silver_searcher"
| #define STDC_HEADERS 1
| #define HAVE_SYS_TYPES_H 1
| #define HAVE_SYS_STAT_H 1
| #define HAVE_STDLIB_H 1
| #define HAVE_STRING_H 1
| #define HAVE_MEMORY_H 1
| #define HAVE_STRINGS_H 1
| #define HAVE_INTTYPES_H 1
| #define HAVE_STDINT_H 1
| #define HAVE_UNISTD_H 1
| #define HAVE_PTHREAD_PRIO_INHERIT 1
| #define HAVE_PTHREAD_H 1
| #define HAVE_ZLIB_H 1
| #define HAVE_LZMA_H 1
| #define USE_PCRE_JIT /**/
| /* end confdefs.h.  */
| #include <sched.h>
| 
| int
| main ()
| {
| #ifndef CPU_ZERO, CPU_SET
| #ifdef __cplusplus
|   (void) CPU_ZERO) 0, ( CPU_SET;
| #else
|   (void) CPU_ZERO, CPU_SET;
| #endif
| #endif
| 
|   ;
|   return 0;
| }
configure:5488: result: no
configure:5499: checking sys/cpuset.h usability
configure:5499: gcc -c -g -O2 -D_THREAD_SAFE -pthread -I/usr/local/Cellar/pcre/8.43/include -Wall -Wextra -Wformat=2 -Wno-format-nonliteral -Wshadow -Wpointer-arith -Wcast-qual -Wmissing-prototypes -Wno-missing-braces -std=gnu89 -D_GNU_SOURCE  conftest.c >&5
conftest.c:57:10: fatal error: 'sys/cpuset.h' file not found
#include <sys/cpuset.h>
         ^~~~~~~~~~~~~~
1 error generated.
configure:5499: $? = 1
configure: failed program was:
| /* confdefs.h */
| #define PACKAGE_NAME "the_silver_searcher"
| #define PACKAGE_TARNAME "the_silver_searcher"
| #define PACKAGE_VERSION "2.2.0"
| #define PACKAGE_STRING "the_silver_searcher 2.2.0"
| #define PACKAGE_BUGREPORT "https://github.com/ggreer/the_silver_searcher/issues"
| #define PACKAGE_URL "https://github.com/ggreer/the_silver_searcher"
| #define STDC_HEADERS 1
| #define HAVE_SYS_TYPES_H 1
| #define HAVE_SYS_STAT_H 1
| #define HAVE_STDLIB_H 1
| #define HAVE_STRING_H 1
| #define HAVE_MEMORY_H 1
| #define HAVE_STRINGS_H 1
| #define HAVE_INTTYPES_H 1
| #define HAVE_STDINT_H 1
| #define HAVE_UNISTD_H 1
| #define HAVE_PTHREAD_PRIO_INHERIT 1
| #define HAVE_PTHREAD_H 1
| #define HAVE_ZLIB_H 1
| #define HAVE_LZMA_H 1
| #define USE_PCRE_JIT /**/
| /* end confdefs.h.  */
| #include <stdio.h>
| #ifdef HAVE_SYS_TYPES_H
| # include <sys/types.h>
| #endif
| #ifdef HAVE_SYS_STAT_H
| # include <sys/stat.h>
| #endif
| #ifdef STDC_HEADERS
| # include <stdlib.h>
| # include <stddef.h>
| #else
| # ifdef HAVE_STDLIB_H
| #  include <stdlib.h>
| # endif
| #endif
| #ifdef HAVE_STRING_H
| # if !defined STDC_HEADERS && defined HAVE_MEMORY_H
| #  include <memory.h>
| # endif
| # include <string.h>
| #endif
| #ifdef HAVE_STRINGS_H
| # include <strings.h>
| #endif
| #ifdef HAVE_INTTYPES_H
| # include <inttypes.h>
| #endif
| #ifdef HAVE_STDINT_H
| # include <stdint.h>
| #endif
| #ifdef HAVE_UNISTD_H
| # include <unistd.h>
| #endif
| #include <sys/cpuset.h>
configure:5499: result: no
configure:5499: checking sys/cpuset.h presence
configure:5499: gcc -E  conftest.c
conftest.c:24:10: fatal error: 'sys/cpuset.h' file not found
#include <sys/cpuset.h>
         ^~~~~~~~~~~~~~
1 error generated.
configure:5499: $? = 1
configure: failed program was:
| /* confdefs.h */
| #define PACKAGE_NAME "the_silver_searcher"
| #define PACKAGE_TARNAME "the_silver_searcher"
| #define PACKAGE_VERSION "2.2.0"
| #define PACKAGE_STRING "the_silver_searcher 2.2.0"
| #define PACKAGE_BUGREPORT "https://github.com/ggreer/the_silver_searcher/issues"
| #define PACKAGE_URL "https://github.com/ggreer/the_silver_searcher"
| #define STDC_HEADERS 1
| #define HAVE_SYS_TYPES_H 1
| #define HAVE_SYS_STAT_H 1
| #define HAVE_STDLIB_H 1
| #define HAVE_STRING_H 1
| #define HAVE_MEMORY_H 1
| #define HAVE_STRINGS_H 1
| #define HAVE_INTTYPES_H 1
| #define HAVE_STDINT_H 1
| #define HAVE_UNISTD_H 1
| #define HAVE_PTHREAD_PRIO_INHERIT 1
| #define HAVE_PTHREAD_H 1
| #define HAVE_ZLIB_H 1
| #define HAVE_LZMA_H 1
| #define USE_PCRE_JIT /**/
| /* end confdefs.h.  */
| #include <sys/cpuset.h>
configure:5499: result: no
configure:5499: checking for sys/cpuset.h
configure:5499: result: no
configure:5499: checking err.h usability
configure:5499: gcc -c -g -O2 -D_THREAD_SAFE -pthread -I/usr/local/Cellar/pcre/8.43/include -Wall -Wextra -Wformat=2 -Wno-format-nonliteral -Wshadow -Wpointer-arith -Wcast-qual -Wmissing-prototypes -Wno-missing-braces -std=gnu89 -D_GNU_SOURCE  conftest.c >&5
configure:5499: $? = 0
configure:5499: result: yes
configure:5499: checking err.h presence
configure:5499: gcc -E  conftest.c
configure:5499: $? = 0
configure:5499: result: yes
configure:5499: checking for err.h
configure:5499: result: yes
configure:5510: checking for struct dirent.d_type
configure:5510: gcc -c -g -O2 -D_THREAD_SAFE -pthread -I/usr/local/Cellar/pcre/8.43/include -Wall -Wextra -Wformat=2 -Wno-format-nonliteral -Wshadow -Wpointer-arith -Wcast-qual -Wmissing-prototypes -Wno-missing-braces -std=gnu89 -D_GNU_SOURCE  conftest.c >&5
configure:5510: $? = 0
configure:5510: result: yes
configure:5518: checking for struct dirent.d_namlen
configure:5518: gcc -c -g -O2 -D_THREAD_SAFE -pthread -I/usr/local/Cellar/pcre/8.43/include -Wall -Wextra -Wformat=2 -Wno-format-nonliteral -Wshadow -Wpointer-arith -Wcast-qual -Wmissing-prototypes -Wno-missing-braces -std=gnu89 -D_GNU_SOURCE  conftest.c >&5
configure:5518: $? = 0
configure:5518: result: yes
configure:5530: checking for fgetln
configure:5530: gcc -o conftest -g -O2 -D_THREAD_SAFE -pthread -I/usr/local/Cellar/pcre/8.43/include -Wall -Wextra -Wformat=2 -Wno-format-nonliteral -Wshadow -Wpointer-arith -Wcast-qual -Wmissing-prototypes -Wno-missing-braces -std=gnu89 -D_GNU_SOURCE   conftest.c -lz   >&5
configure:5530: $? = 0
configure:5530: result: yes
configure:5530: checking for fopencookie
configure:5530: gcc -o conftest -g -O2 -D_THREAD_SAFE -pthread -I/usr/local/Cellar/pcre/8.43/include -Wall -Wextra -Wformat=2 -Wno-format-nonliteral -Wshadow -Wpointer-arith -Wcast-qual -Wmissing-prototypes -Wno-missing-braces -std=gnu89 -D_GNU_SOURCE   conftest.c -lz   >&5
Undefined symbols for architecture x86_64:
  "_fopencookie", referenced from:
      _main in conftest-c80c89.o
ld: symbol(s) not found for architecture x86_64
clang: error: linker command failed with exit code 1 (use -v to see invocation)
configure:5530: $? = 1
configure: failed program was:
| /* confdefs.h */
| #define PACKAGE_NAME "the_silver_searcher"
| #define PACKAGE_TARNAME "the_silver_searcher"
| #define PACKAGE_VERSION "2.2.0"
| #define PACKAGE_STRING "the_silver_searcher 2.2.0"
| #define PACKAGE_BUGREPORT "https://github.com/ggreer/the_silver_searcher/issues"
| #define PACKAGE_URL "https://github.com/ggreer/the_silver_searcher"
| #define STDC_HEADERS 1
| #define HAVE_SYS_TYPES_H 1
| #define HAVE_SYS_STAT_H 1
| #define HAVE_STDLIB_H 1
| #define HAVE_STRING_H 1
| #define HAVE_MEMORY_H 1
| #define HAVE_STRINGS_H 1
| #define HAVE_INTTYPES_H 1
| #define HAVE_STDINT_H 1
| #define HAVE_UNISTD_H 1
| #define HAVE_PTHREAD_PRIO_INHERIT 1
| #define HAVE_PTHREAD_H 1
| #define HAVE_ZLIB_H 1
| #define HAVE_LZMA_H 1
| #define USE_PCRE_JIT /**/
| #define HAVE_ERR_H 1
| #define HAVE_DIRENT_DTYPE /**/
| #define HAVE_DIRENT_DNAMLEN /**/
| #define HAVE_FGETLN 1
| /* end confdefs.h.  */
| /* Define fopencookie to an innocuous variant, in case <limits.h> declares fopencookie.
|    For example, HP-UX 11i <limits.h> declares gettimeofday.  */
| #define fopencookie innocuous_fopencookie
| 
| /* System header to define __stub macros and hopefully few prototypes,
|     which can conflict with char fopencookie (); below.
|     Prefer <limits.h> to <assert.h> if __STDC__ is defined, since
|     <limits.h> exists even on freestanding compilers.  */
| 
| #ifdef __STDC__
| # include <limits.h>
| #else
| # include <assert.h>
| #endif
| 
| #undef fopencookie
| 
| /* Override any GCC internal prototype to avoid an error.
|    Use char because int might match the return type of a GCC
|    builtin and then its argument prototype would still apply.  */
| #ifdef __cplusplus
| extern "C"
| #endif
| char fopencookie ();
| /* The GNU C library defines this for functions which it implements
|     to always fail with ENOSYS.  Some functions are actually named
|     something starting with __ and the normal name is an alias.  */
| #if defined __stub_fopencookie || defined __stub___fopencookie
| choke me
| #endif
| 
| int
| main ()
| {
| return fopencookie ();
|   ;
|   return 0;
| }
configure:5530: result: no
configure:5530: checking for getline
configure:5530: gcc -o conftest -g -O2 -D_THREAD_SAFE -pthread -I/usr/local/Cellar/pcre/8.43/include -Wall -Wextra -Wformat=2 -Wno-format-nonliteral -Wshadow -Wpointer-arith -Wcast-qual -Wmissing-prototypes -Wno-missing-braces -std=gnu89 -D_GNU_SOURCE   conftest.c -lz   >&5
configure:5530: $? = 0
configure:5530: result: yes
configure:5530: checking for realpath
configure:5530: gcc -o conftest -g -O2 -D_THREAD_SAFE -pthread -I/usr/local/Cellar/pcre/8.43/include -Wall -Wextra -Wformat=2 -Wno-format-nonliteral -Wshadow -Wpointer-arith -Wcast-qual -Wmissing-prototypes -Wno-missing-braces -std=gnu89 -D_GNU_SOURCE   conftest.c -lz   >&5
configure:5530: $? = 0
configure:5530: result: yes
configure:5530: checking for strlcpy
configure:5530: gcc -o conftest -g -O2 -D_THREAD_SAFE -pthread -I/usr/local/Cellar/pcre/8.43/include -Wall -Wextra -Wformat=2 -Wno-format-nonliteral -Wshadow -Wpointer-arith -Wcast-qual -Wmissing-prototypes -Wno-missing-braces -std=gnu89 -D_GNU_SOURCE   conftest.c -lz   >&5
conftest.c:53:6: warning: incompatible redeclaration of library function 'strlcpy' [-Wincompatible-library-redeclaration]
char strlcpy ();
     ^
conftest.c:53:6: note: 'strlcpy' is a builtin with type 'unsigned long (char *, const char *, unsigned long)'
1 warning generated.
configure:5530: $? = 0
configure:5530: result: yes
configure:5530: checking for strndup
configure:5530: gcc -o conftest -g -O2 -D_THREAD_SAFE -pthread -I/usr/local/Cellar/pcre/8.43/include -Wall -Wextra -Wformat=2 -Wno-format-nonliteral -Wshadow -Wpointer-arith -Wcast-qual -Wmissing-prototypes -Wno-missing-braces -std=gnu89 -D_GNU_SOURCE   conftest.c -lz   >&5
conftest.c:54:6: warning: incompatible redeclaration of library function 'strndup' [-Wincompatible-library-redeclaration]
char strndup ();
     ^
conftest.c:54:6: note: 'strndup' is a builtin with type 'char *(const char *, unsigned long)'
1 warning generated.
configure:5530: $? = 0
configure:5530: result: yes
configure:5530: checking for vasprintf
configure:5530: gcc -o conftest -g -O2 -D_THREAD_SAFE -pthread -I/usr/local/Cellar/pcre/8.43/include -Wall -Wextra -Wformat=2 -Wno-format-nonliteral -Wshadow -Wpointer-arith -Wcast-qual -Wmissing-prototypes -Wno-missing-braces -std=gnu89 -D_GNU_SOURCE   conftest.c -lz   >&5
conftest.c:66:19: warning: format string missing [-Wformat]
return vasprintf ();
       ~~~~~~~~~  ^
1 warning generated.
configure:5530: $? = 0
configure:5530: result: yes
configure:5530: checking for madvise
configure:5530: gcc -o conftest -g -O2 -D_THREAD_SAFE -pthread -I/usr/local/Cellar/pcre/8.43/include -Wall -Wextra -Wformat=2 -Wno-format-nonliteral -Wshadow -Wpointer-arith -Wcast-qual -Wmissing-prototypes -Wno-missing-braces -std=gnu89 -D_GNU_SOURCE   conftest.c -lz   >&5
configure:5530: $? = 0
configure:5530: result: yes
configure:5530: checking for posix_fadvise
configure:5530: gcc -o conftest -g -O2 -D_THREAD_SAFE -pthread -I/usr/local/Cellar/pcre/8.43/include -Wall -Wextra -Wformat=2 -Wno-format-nonliteral -Wshadow -Wpointer-arith -Wcast-qual -Wmissing-prototypes -Wno-missing-braces -std=gnu89 -D_GNU_SOURCE   conftest.c -lz   >&5
Undefined symbols for architecture x86_64:
  "_posix_fadvise", referenced from:
      _main in conftest-f17942.o
ld: symbol(s) not found for architecture x86_64
clang: error: linker command failed with exit code 1 (use -v to see invocation)
configure:5530: $? = 1
configure: failed program was:
| /* confdefs.h */
| #define PACKAGE_NAME "the_silver_searcher"
| #define PACKAGE_TARNAME "the_silver_searcher"
| #define PACKAGE_VERSION "2.2.0"
| #define PACKAGE_STRING "the_silver_searcher 2.2.0"
| #define PACKAGE_BUGREPORT "https://github.com/ggreer/the_silver_searcher/issues"
| #define PACKAGE_URL "https://github.com/ggreer/the_silver_searcher"
| #define STDC_HEADERS 1
| #define HAVE_SYS_TYPES_H 1
| #define HAVE_SYS_STAT_H 1
| #define HAVE_STDLIB_H 1
| #define HAVE_STRING_H 1
| #define HAVE_MEMORY_H 1
| #define HAVE_STRINGS_H 1
| #define HAVE_INTTYPES_H 1
| #define HAVE_STDINT_H 1
| #define HAVE_UNISTD_H 1
| #define HAVE_PTHREAD_PRIO_INHERIT 1
| #define HAVE_PTHREAD_H 1
| #define HAVE_ZLIB_H 1
| #define HAVE_LZMA_H 1
| #define USE_PCRE_JIT /**/
| #define HAVE_ERR_H 1
| #define HAVE_DIRENT_DTYPE /**/
| #define HAVE_DIRENT_DNAMLEN /**/
| #define HAVE_FGETLN 1
| #define HAVE_GETLINE 1
| #define HAVE_REALPATH 1
| #define HAVE_STRLCPY 1
| #define HAVE_STRNDUP 1
| #define HAVE_VASPRINTF 1
| #define HAVE_MADVISE 1
| /* end confdefs.h.  */
| /* Define posix_fadvise to an innocuous variant, in case <limits.h> declares posix_fadvise.
|    For example, HP-UX 11i <limits.h> declares gettimeofday.  */
| #define posix_fadvise innocuous_posix_fadvise
| 
| /* System header to define __stub macros and hopefully few prototypes,
|     which can conflict with char posix_fadvise (); below.
|     Prefer <limits.h> to <assert.h> if __STDC__ is defined, since
|     <limits.h> exists even on freestanding compilers.  */
| 
| #ifdef __STDC__
| # include <limits.h>
| #else
| # include <assert.h>
| #endif
| 
| #undef posix_fadvise
| 
| /* Override any GCC internal prototype to avoid an error.
|    Use char because int might match the return type of a GCC
|    builtin and then its argument prototype would still apply.  */
| #ifdef __cplusplus
| extern "C"
| #endif
| char posix_fadvise ();
| /* The GNU C library defines this for functions which it implements
|     to always fail with ENOSYS.  Some functions are actually named
|     something starting with __ and the normal name is an alias.  */
| #if defined __stub_posix_fadvise || defined __stub___posix_fadvise
| choke me
| #endif
| 
| int
| main ()
| {
| return posix_fadvise ();
|   ;
|   return 0;
| }
configure:5530: result: no
configure:5530: checking for pthread_setaffinity_np
configure:5530: gcc -o conftest -g -O2 -D_THREAD_SAFE -pthread -I/usr/local/Cellar/pcre/8.43/include -Wall -Wextra -Wformat=2 -Wno-format-nonliteral -Wshadow -Wpointer-arith -Wcast-qual -Wmissing-prototypes -Wno-missing-braces -std=gnu89 -D_GNU_SOURCE   conftest.c -lz   >&5
Undefined symbols for architecture x86_64:
  "_pthread_setaffinity_np", referenced from:
      _main in conftest-25fb96.o
ld: symbol(s) not found for architecture x86_64
clang: error: linker command failed with exit code 1 (use -v to see invocation)
configure:5530: $? = 1
configure: failed program was:
| /* confdefs.h */
| #define PACKAGE_NAME "the_silver_searcher"
| #define PACKAGE_TARNAME "the_silver_searcher"
| #define PACKAGE_VERSION "2.2.0"
| #define PACKAGE_STRING "the_silver_searcher 2.2.0"
| #define PACKAGE_BUGREPORT "https://github.com/ggreer/the_silver_searcher/issues"
| #define PACKAGE_URL "https://github.com/ggreer/the_silver_searcher"
| #define STDC_HEADERS 1
| #define HAVE_SYS_TYPES_H 1
| #define HAVE_SYS_STAT_H 1
| #define HAVE_STDLIB_H 1
| #define HAVE_STRING_H 1
| #define HAVE_MEMORY_H 1
| #define HAVE_STRINGS_H 1
| #define HAVE_INTTYPES_H 1
| #define HAVE_STDINT_H 1
| #define HAVE_UNISTD_H 1
| #define HAVE_PTHREAD_PRIO_INHERIT 1
| #define HAVE_PTHREAD_H 1
| #define HAVE_ZLIB_H 1
| #define HAVE_LZMA_H 1
| #define USE_PCRE_JIT /**/
| #define HAVE_ERR_H 1
| #define HAVE_DIRENT_DTYPE /**/
| #define HAVE_DIRENT_DNAMLEN /**/
| #define HAVE_FGETLN 1
| #define HAVE_GETLINE 1
| #define HAVE_REALPATH 1
| #define HAVE_STRLCPY 1
| #define HAVE_STRNDUP 1
| #define HAVE_VASPRINTF 1
| #define HAVE_MADVISE 1
| /* end confdefs.h.  */
| /* Define pthread_setaffinity_np to an innocuous variant, in case <limits.h> declares pthread_setaffinity_np.
|    For example, HP-UX 11i <limits.h> declares gettimeofday.  */
| #define pthread_setaffinity_np innocuous_pthread_setaffinity_np
| 
| /* System header to define __stub macros and hopefully few prototypes,
|     which can conflict with char pthread_setaffinity_np (); below.
|     Prefer <limits.h> to <assert.h> if __STDC__ is defined, since
|     <limits.h> exists even on freestanding compilers.  */
| 
| #ifdef __STDC__
| # include <limits.h>
| #else
| # include <assert.h>
| #endif
| 
| #undef pthread_setaffinity_np
| 
| /* Override any GCC internal prototype to avoid an error.
|    Use char because int might match the return type of a GCC
|    builtin and then its argument prototype would still apply.  */
| #ifdef __cplusplus
| extern "C"
| #endif
| char pthread_setaffinity_np ();
| /* The GNU C library defines this for functions which it implements
|     to always fail with ENOSYS.  Some functions are actually named
|     something starting with __ and the normal name is an alias.  */
| #if defined __stub_pthread_setaffinity_np || defined __stub___pthread_setaffinity_np
| choke me
| #endif
| 
| int
| main ()
| {
| return pthread_setaffinity_np ();
|   ;
|   return 0;
| }
configure:5530: result: no
configure:5530: checking for pledge
configure:5530: gcc -o conftest -g -O2 -D_THREAD_SAFE -pthread -I/usr/local/Cellar/pcre/8.43/include -Wall -Wextra -Wformat=2 -Wno-format-nonliteral -Wshadow -Wpointer-arith -Wcast-qual -Wmissing-prototypes -Wno-missing-braces -std=gnu89 -D_GNU_SOURCE   conftest.c -lz   >&5
Undefined symbols for architecture x86_64:
  "_pledge", referenced from:
      _main in conftest-5f579b.o
ld: symbol(s) not found for architecture x86_64
clang: error: linker command failed with exit code 1 (use -v to see invocation)
configure:5530: $? = 1
configure: failed program was:
| /* confdefs.h */
| #define PACKAGE_NAME "the_silver_searcher"
| #define PACKAGE_TARNAME "the_silver_searcher"
| #define PACKAGE_VERSION "2.2.0"
| #define PACKAGE_STRING "the_silver_searcher 2.2.0"
| #define PACKAGE_BUGREPORT "https://github.com/ggreer/the_silver_searcher/issues"
| #define PACKAGE_URL "https://github.com/ggreer/the_silver_searcher"
| #define STDC_HEADERS 1
| #define HAVE_SYS_TYPES_H 1
| #define HAVE_SYS_STAT_H 1
| #define HAVE_STDLIB_H 1
| #define HAVE_STRING_H 1
| #define HAVE_MEMORY_H 1
| #define HAVE_STRINGS_H 1
| #define HAVE_INTTYPES_H 1
| #define HAVE_STDINT_H 1
| #define HAVE_UNISTD_H 1
| #define HAVE_PTHREAD_PRIO_INHERIT 1
| #define HAVE_PTHREAD_H 1
| #define HAVE_ZLIB_H 1
| #define HAVE_LZMA_H 1
| #define USE_PCRE_JIT /**/
| #define HAVE_ERR_H 1
| #define HAVE_DIRENT_DTYPE /**/
| #define HAVE_DIRENT_DNAMLEN /**/
| #define HAVE_FGETLN 1
| #define HAVE_GETLINE 1
| #define HAVE_REALPATH 1
| #define HAVE_STRLCPY 1
| #define HAVE_STRNDUP 1
| #define HAVE_VASPRINTF 1
| #define HAVE_MADVISE 1
| /* end confdefs.h.  */
| /* Define pledge to an innocuous variant, in case <limits.h> declares pledge.
|    For example, HP-UX 11i <limits.h> declares gettimeofday.  */
| #define pledge innocuous_pledge
| 
| /* System header to define __stub macros and hopefully few prototypes,
|     which can conflict with char pledge (); below.
|     Prefer <limits.h> to <assert.h> if __STDC__ is defined, since
|     <limits.h> exists even on freestanding compilers.  */
| 
| #ifdef __STDC__
| # include <limits.h>
| #else
| # include <assert.h>
| #endif
| 
| #undef pledge
| 
| /* Override any GCC internal prototype to avoid an error.
|    Use char because int might match the return type of a GCC
|    builtin and then its argument prototype would still apply.  */
| #ifdef __cplusplus
| extern "C"
| #endif
| char pledge ();
| /* The GNU C library defines this for functions which it implements
|     to always fail with ENOSYS.  Some functions are actually named
|     something starting with __ and the normal name is an alias.  */
| #if defined __stub_pledge || defined __stub___pledge
| choke me
| #endif
| 
| int
| main ()
| {
| return pledge ();
|   ;
|   return 0;
| }
configure:5530: result: no
configure:5549: checking for clang-format-3.8
configure:5579: result: no
configure:5549: checking for clang-format-3.7
configure:5579: result: no
configure:5549: checking for clang-format-3.6
configure:5579: result: no
configure:5549: checking for clang-format
configure:5565: found /Users/faywong/repo/depot_tools/clang-format
configure:5576: result: clang-format
configure:5598: clang-format found. 'make test' will detect improperly-formatted files.
configure:5715: checking that generated files are newer than configure
configure:5721: result: done
configure:5748: creating ./config.status

## ---------------------- ##
## Running config.status. ##
## ---------------------- ##

This file was extended by the_silver_searcher config.status 2.2.0, which was
generated by GNU Autoconf 2.69.  Invocation command line was

  CONFIG_FILES    = 
  CONFIG_HEADERS  = 
  CONFIG_LINKS    = 
  CONFIG_COMMANDS = 
  $ ./config.status 

on ali-72349

config.status:891: creating Makefile
config.status:891: creating the_silver_searcher.spec
config.status:891: creating src/config.h
config.status:1120: executing depfiles commands

## ---------------- ##
## Cache variables. ##
## ---------------- ##

ac_cv_build=x86_64-apple-darwin18.6.0
ac_cv_c_compiler_gnu=yes
ac_cv_env_CC_set=
ac_cv_env_CC_value=
ac_cv_env_CFLAGS_set=
ac_cv_env_CFLAGS_value=
ac_cv_env_CPPFLAGS_set=
ac_cv_env_CPPFLAGS_value=
ac_cv_env_CPP_set=
ac_cv_env_CPP_value=
ac_cv_env_LDFLAGS_set=
ac_cv_env_LDFLAGS_value=
ac_cv_env_LIBS_set=
ac_cv_env_LIBS_value=
ac_cv_env_LZMA_CFLAGS_set=
ac_cv_env_LZMA_CFLAGS_value=
ac_cv_env_LZMA_LIBS_set=
ac_cv_env_LZMA_LIBS_value=
ac_cv_env_PCRE_CFLAGS_set=
ac_cv_env_PCRE_CFLAGS_value=
ac_cv_env_PCRE_LIBS_set=
ac_cv_env_PCRE_LIBS_value=
ac_cv_env_PKG_CONFIG_LIBDIR_set=
ac_cv_env_PKG_CONFIG_LIBDIR_value=
ac_cv_env_PKG_CONFIG_PATH_set=
ac_cv_env_PKG_CONFIG_PATH_value=
ac_cv_env_PKG_CONFIG_set=
ac_cv_env_PKG_CONFIG_value=
ac_cv_env_build_alias_set=
ac_cv_env_build_alias_value=
ac_cv_env_host_alias_set=
ac_cv_env_host_alias_value=
ac_cv_env_target_alias_set=
ac_cv_env_target_alias_value=
ac_cv_func_fgetln=yes
ac_cv_func_fopencookie=no
ac_cv_func_getline=yes
ac_cv_func_madvise=yes
ac_cv_func_pledge=no
ac_cv_func_posix_fadvise=no
ac_cv_func_pthread_setaffinity_np=no
ac_cv_func_realpath=yes
ac_cv_func_strlcpy=yes
ac_cv_func_strndup=yes
ac_cv_func_vasprintf=yes
ac_cv_have_decl_CPU_ZERO__CPU_SET=no
ac_cv_have_decl_PCRE_CONFIG_JIT=yes
ac_cv_header_err_h=yes
ac_cv_header_inttypes_h=yes
ac_cv_header_lzma_h=yes
ac_cv_header_memory_h=yes
ac_cv_header_pthread_h=yes
ac_cv_header_stdc=yes
ac_cv_header_stdint_h=yes
ac_cv_header_stdlib_h=yes
ac_cv_header_string_h=yes
ac_cv_header_strings_h=yes
ac_cv_header_sys_cpuset_h=no
ac_cv_header_sys_stat_h=yes
ac_cv_header_sys_types_h=yes
ac_cv_header_unistd_h=yes
ac_cv_header_zlib_h=yes
ac_cv_host=x86_64-apple-darwin18.6.0
ac_cv_member_struct_dirent_d_namlen=yes
ac_cv_member_struct_dirent_d_type=yes
ac_cv_objext=o
ac_cv_path_EGREP='/usr/bin/grep -E'
ac_cv_path_GREP=/usr/bin/grep
ac_cv_path_ac_pt_PKG_CONFIG=/usr/local/bin/pkg-config
ac_cv_path_install='/usr/bin/install -c'
ac_cv_prog_AWK=awk
ac_cv_prog_CLANG_FORMAT=clang-format
ac_cv_prog_CPP='gcc -E'
ac_cv_prog_ac_ct_CC=gcc
ac_cv_prog_cc_c89=
ac_cv_prog_cc_g=yes
ac_cv_prog_make_make_set=yes
ac_cv_search_inflate=-lz
am_cv_CC_dependencies_compiler_type=gcc3
am_cv_make_support_nested_variables=yes
am_cv_prog_cc_c_o=yes
ax_cv_PTHREAD_PRIO_INHERIT=yes
pkg_cv_LZMA_CFLAGS=-I/usr/local/Cellar/xz/5.2.4/include
pkg_cv_LZMA_LIBS='-L/usr/local/Cellar/xz/5.2.4/lib -llzma'
pkg_cv_PCRE_CFLAGS=-I/usr/local/Cellar/pcre/8.43/include
pkg_cv_PCRE_LIBS='-L/usr/local/Cellar/pcre/8.43/lib -lpcre'

## ----------------- ##
## Output variables. ##
## ----------------- ##

ACLOCAL='${SHELL} /Users/faywong/repo/the_silver_searcher-2.2.0/missing aclocal-1.15'
AMDEPBACKSLASH='\'
AMDEP_FALSE='#'
AMDEP_TRUE=''
AMTAR='$${TAR-tar}'
AM_BACKSLASH='\'
AM_DEFAULT_V='$(AM_DEFAULT_VERBOSITY)'
AM_DEFAULT_VERBOSITY='0'
AM_V='$(V)'
AUTOCONF='${SHELL} /Users/faywong/repo/the_silver_searcher-2.2.0/missing autoconf'
AUTOHEADER='${SHELL} /Users/faywong/repo/the_silver_searcher-2.2.0/missing autoheader'
AUTOMAKE='${SHELL} /Users/faywong/repo/the_silver_searcher-2.2.0/missing automake-1.15'
AWK='awk'
CC='gcc'
CCDEPMODE='depmode=gcc3'
CFLAGS='-g -O2 -D_THREAD_SAFE -pthread -I/usr/local/Cellar/pcre/8.43/include -Wall -Wextra -Wformat=2 -Wno-format-nonliteral -Wshadow -Wpointer-arith -Wcast-qual -Wmissing-prototypes -Wno-missing-braces -std=gnu89 -D_GNU_SOURCE'
CLANG_FORMAT='clang-format'
CPP='gcc -E'
CPPFLAGS=''
CYGPATH_W='echo'
DEFS='-DHAVE_CONFIG_H'
DEPDIR='.deps'
ECHO_C='\c'
ECHO_N=''
ECHO_T=''
EGREP='/usr/bin/grep -E'
EXEEXT=''
GREP='/usr/bin/grep'
HAS_CLANG_FORMAT_FALSE='#'
HAS_CLANG_FORMAT_TRUE=''
INSTALL_DATA='${INSTALL} -m 644'
INSTALL_PROGRAM='${INSTALL}'
INSTALL_SCRIPT='${INSTALL}'
INSTALL_STRIP_PROGRAM='$(install_sh) -c -s'
LDFLAGS=''
LIBOBJS=''
LIBS='-lz  '
LTLIBOBJS=''
LZMA_CFLAGS='-I/usr/local/Cellar/xz/5.2.4/include'
LZMA_LIBS='-L/usr/local/Cellar/xz/5.2.4/lib -llzma'
MAKEINFO='${SHELL} /Users/faywong/repo/the_silver_searcher-2.2.0/missing makeinfo'
MKDIR_P='./install-sh -c -d'
OBJEXT='o'
PACKAGE='the_silver_searcher'
PACKAGE_BUGREPORT='https://github.com/ggreer/the_silver_searcher/issues'
PACKAGE_NAME='the_silver_searcher'
PACKAGE_STRING='the_silver_searcher 2.2.0'
PACKAGE_TARNAME='the_silver_searcher'
PACKAGE_URL='https://github.com/ggreer/the_silver_searcher'
PACKAGE_VERSION='2.2.0'
PATH_SEPARATOR=':'
PCRE_CFLAGS='-I/usr/local/Cellar/pcre/8.43/include'
PCRE_LIBS='-L/usr/local/Cellar/pcre/8.43/lib -lpcre'
PKG_CONFIG='/usr/local/bin/pkg-config'
PKG_CONFIG_LIBDIR=''
PKG_CONFIG_PATH=''
PTHREAD_CC='gcc'
PTHREAD_CFLAGS='-D_THREAD_SAFE -pthread'
PTHREAD_LIBS=''
SET_MAKE=''
SHELL='/bin/sh'
STRIP=''
VERSION='2.2.0'
ac_ct_CC='gcc'
am__EXEEXT_FALSE=''
am__EXEEXT_TRUE='#'
am__fastdepCC_FALSE='#'
am__fastdepCC_TRUE=''
am__include='include'
am__isrc=''
am__leading_dot='.'
am__nodep='_no'
am__quote=''
am__tar='$${TAR-tar} chof - "$$tardir"'
am__untar='$${TAR-tar} xf -'
ax_pthread_config=''
bindir='${exec_prefix}/bin'
build='x86_64-apple-darwin18.6.0'
build_alias=''
build_cpu='x86_64'
build_os='darwin18.6.0'
build_vendor='apple'
datadir='${datarootdir}'
datarootdir='${prefix}/share'
docdir='${datarootdir}/doc/${PACKAGE_TARNAME}'
dvidir='${docdir}'
exec_prefix='${prefix}'
host='x86_64-apple-darwin18.6.0'
host_alias=''
host_cpu='x86_64'
host_os='darwin18.6.0'
host_vendor='apple'
htmldir='${docdir}'
includedir='${prefix}/include'
infodir='${datarootdir}/info'
install_sh='${SHELL} /Users/faywong/repo/the_silver_searcher-2.2.0/install-sh'
libdir='${exec_prefix}/lib'
libexecdir='${exec_prefix}/libexec'
localedir='${datarootdir}/locale'
localstatedir='${prefix}/var'
mandir='${datarootdir}/man'
mkdir_p='$(MKDIR_P)'
oldincludedir='/usr/include'
pdfdir='${docdir}'
prefix='/usr/local'
program_transform_name='s,x,x,'
psdir='${docdir}'
runstatedir='${localstatedir}/run'
sbindir='${exec_prefix}/sbin'
sharedstatedir='${prefix}/com'
sysconfdir='${prefix}/etc'
target_alias=''

## ----------- ##
## confdefs.h. ##
## ----------- ##

/* confdefs.h */
#define PACKAGE_NAME "the_silver_searcher"
#define PACKAGE_TARNAME "the_silver_searcher"
#define PACKAGE_VERSION "2.2.0"
#define PACKAGE_STRING "the_silver_searcher 2.2.0"
#define PACKAGE_BUGREPORT "https://github.com/ggreer/the_silver_searcher/issues"
#define PACKAGE_URL "https://github.com/ggreer/the_silver_searcher"
#define STDC_HEADERS 1
#define HAVE_SYS_TYPES_H 1
#define HAVE_SYS_STAT_H 1
#define HAVE_STDLIB_H 1
#define HAVE_STRING_H 1
#define HAVE_MEMORY_H 1
#define HAVE_STRINGS_H 1
#define HAVE_INTTYPES_H 1
#define HAVE_STDINT_H 1
#define HAVE_UNISTD_H 1
#define HAVE_PTHREAD_PRIO_INHERIT 1
#define HAVE_PTHREAD_H 1
#define HAVE_ZLIB_H 1
#define HAVE_LZMA_H 1
#define USE_PCRE_JIT /**/
#define HAVE_ERR_H 1
#define HAVE_DIRENT_DTYPE /**/
#define HAVE_DIRENT_DNAMLEN /**/
#define HAVE_FGETLN 1
#define HAVE_GETLINE 1
#define HAVE_REALPATH 1
#define HAVE_STRLCPY 1
#define HAVE_STRNDUP 1
#define HAVE_VASPRINTF 1
#define HAVE_MADVISE 1

configure: exit 0
